{
  "Unit Tests": {
    "coverage": {
      "/Users/JesseSpevack/turing/1module/black_thursday/lib/parser.rb": [
        1,
        1,
        1,
        1,
        1,
        1,
        null,
        1,
        null,
        1,
        null,
        null,
        1,
        3,
        null,
        null,
        1,
        0,
        0,
        0,
        null,
        null,
        null,
        0,
        null,
        0,
        null,
        null,
        1,
        3,
        3,
        3,
        null,
        null,
        null,
        null,
        null,
        null,
        null,
        30,
        null,
        3,
        null,
        null
      ],
      "/Users/JesseSpevack/turing/1module/black_thursday/lib/merchant.rb": [
        1,
        null,
        1,
        1,
        null,
        null,
        1,
        0,
        0,
        null,
        null,
        null
      ],
      "/Users/JesseSpevack/turing/1module/black_thursday/lib/item.rb": [
        1,
        null,
        1,
        1,
        null,
        null,
        null,
        null,
        null,
        null,
        null,
        1,
        30,
        30,
        30,
        30,
        30,
        30,
        30,
        null,
        null,
        1,
        0,
        null,
        null,
        null
      ],
      "/Users/JesseSpevack/turing/1module/black_thursday/lib/merchant_repository.rb": [
        1,
        1,
        null,
        null,
        1,
        0,
        0,
        null,
        null,
        1,
        0,
        0,
        null,
        null,
        1,
        0,
        null,
        null,
        1,
        0,
        null,
        null,
        1,
        0,
        null,
        null,
        1,
        0,
        null,
        null,
        null
      ],
      "/Users/JesseSpevack/turing/1module/black_thursday/lib/item_repository.rb": [
        1,
        null,
        1,
        1,
        null,
        null,
        1,
        3,
        3,
        null,
        null,
        1,
        30,
        30,
        null,
        null,
        1,
        0,
        null,
        null,
        1,
        0,
        null,
        null,
        1,
        0,
        null,
        null,
        1,
        0,
        null,
        null,
        1,
        0,
        null,
        null,
        1,
        0,
        null,
        null,
        1,
        0,
        null,
        null,
        null
      ]
    },
    "timestamp": 1469560130
  },
  "RSpec": {
    "coverage": {
      "/Users/JesseSpevack/turing/1module/black_thursday/lib/item_repository.rb": [
        1,
        null,
        1,
        1,
        null,
        null,
        1,
        21,
        21,
        null,
        null,
        1,
        67,
        67,
        null,
        null,
        1,
        2,
        null,
        null,
        1,
        16,
        null,
        null,
        1,
        9,
        null,
        null,
        1,
        24,
        null,
        null,
        1,
        18,
        null,
        null,
        1,
        24,
        null,
        null,
        1,
        12,
        null,
        null,
        null
      ],
      "/Users/JesseSpevack/turing/1module/black_thursday/lib/item.rb": [
        1,
        null,
        1,
        1,
        null,
        null,
        null,
        null,
        null,
        null,
        null,
        1,
        63,
        63,
        63,
        63,
        63,
        63,
        63,
        null,
        null,
        1,
        1,
        null,
        null,
        null
      ],
      "/Users/JesseSpevack/turing/1module/black_thursday/test/item_test.rb": [
        1,
        1,
        null,
        1,
        1,
        null,
        null,
        null,
        1,
        3,
        3,
        3,
        null,
        null,
        null,
        null,
        null,
        null,
        null,
        null,
        null,
        null,
        1,
        1,
        null,
        null,
        1,
        1,
        1,
        1,
        1,
        1,
        1,
        1,
        null,
        null,
        1,
        1,
        null,
        null,
        null
      ],
      "/Users/JesseSpevack/turing/1module/black_thursday/test/merchant_repository_test.rb": [
        1,
        1,
        1,
        null,
        1,
        1,
        null,
        null,
        null,
        1,
        7,
        7,
        7,
        null,
        null,
        1,
        1,
        null,
        null,
        1,
        1,
        null,
        null,
        1,
        1,
        1,
        1,
        1,
        null,
        1,
        1,
        null,
        null,
        1,
        1,
        1,
        1,
        null,
        1,
        1,
        1,
        1,
        1,
        null,
        null,
        1,
        1,
        1,
        1,
        1,
        1,
        1,
        1,
        1,
        null,
        1,
        1,
        1,
        null,
        null,
        1,
        1,
        1,
        1,
        1,
        1,
        1,
        1,
        1,
        1,
        1,
        null,
        1,
        1,
        1,
        1,
        1,
        null,
        null,
        1,
        1,
        1,
        1,
        1,
        null,
        7,
        1,
        1,
        1,
        1,
        null,
        1,
        1,
        1,
        1,
        null,
        1,
        1,
        1,
        1,
        null,
        null,
        null
      ],
      "/Users/JesseSpevack/turing/1module/black_thursday/lib/merchant_repository.rb": [
        1,
        1,
        null,
        null,
        1,
        8,
        8,
        null,
        null,
        1,
        23,
        23,
        null,
        null,
        1,
        2,
        null,
        null,
        1,
        8,
        null,
        null,
        1,
        13,
        null,
        null,
        1,
        28,
        null,
        null,
        null
      ],
      "/Users/JesseSpevack/turing/1module/black_thursday/lib/merchant.rb": [
        1,
        null,
        1,
        1,
        null,
        null,
        1,
        30,
        30,
        null,
        null,
        null
      ],
      "/Users/JesseSpevack/turing/1module/black_thursday/test/merchant_test.rb": [
        1,
        1,
        null,
        1,
        1,
        null,
        1,
        3,
        null,
        null,
        1,
        1,
        null,
        null,
        1,
        1,
        null,
        null,
        1,
        1,
        null,
        null,
        null
      ],
      "/Users/JesseSpevack/turing/1module/black_thursday/test/parser_test.rb": [
        1,
        1,
        null,
        1,
        1,
        null,
        1,
        4,
        null,
        null,
        1,
        1,
        null,
        null,
        1,
        1,
        1,
        1,
        null,
        null,
        1,
        1,
        1,
        null,
        1,
        null,
        1,
        null,
        null,
        1,
        1,
        1,
        null,
        1,
        1,
        null,
        null,
        null
      ],
      "/Users/JesseSpevack/turing/1module/black_thursday/lib/parser.rb": [
        1,
        1,
        1,
        1,
        1,
        1,
        null,
        1,
        null,
        1,
        null,
        null,
        1,
        3,
        null,
        null,
        1,
        1,
        1,
        1,
        null,
        null,
        null,
        9,
        null,
        1,
        null,
        null,
        1,
        1,
        1,
        1,
        null,
        null,
        null,
        null,
        null,
        null,
        null,
        10,
        null,
        1,
        null,
        null
      ],
      "/Users/JesseSpevack/turing/1module/black_thursday/test/sales_engine_test.rb": [

      ],
      "/Users/JesseSpevack/turing/1module/black_thursday/test/test_helper.rb": [
        1,
        1,
        1,
        1
      ]
    },
    "timestamp": 1469560680
  }
}
