{
  "RSpec": {
    "coverage": {
      "/Users/artemis/turing/1module/projects/black_thursday/lib/item_repository.rb": [
        1,
        1,
        null,
        1,
        1,
        null,
        1,
        null,
        null,
        null,
        null,
        1,
        47,
        47,
        null,
        null,
        1,
        47,
        470,
        null,
        null,
        null,
        1,
        22,
        null,
        null,
        1,
        22,
        null,
        null,
        1,
        22,
        null,
        null,
        1,
        11,
        null,
        null,
        null
      ],
      "/Users/artemis/turing/1module/projects/black_thursday/lib/item.rb": [
        1,
        1,
        null,
        1,
        1,
        null,
        null,
        null,
        null,
        null,
        null,
        null,
        null,
        1,
        478,
        478,
        478,
        478,
        478,
        478,
        478,
        478,
        null,
        null,
        1,
        1,
        null,
        null
      ],
      "/Users/artemis/turing/1module/projects/black_thursday/lib/repository.rb": [
        null,
        1,
        1,
        5,
        null,
        null,
        1,
        3,
        null,
        null,
        1,
        12,
        null,
        null,
        1,
        12,
        null,
        null
      ],
      "/Users/artemis/turing/1module/projects/black_thursday/lib/parser.rb": [
        1,
        null,
        1,
        1,
        95,
        null,
        null
      ],
      "/Users/artemis/turing/1module/projects/black_thursday/lib/sales_engine.rb": [
        1,
        1,
        1,
        null,
        1,
        1,
        null,
        null,
        1,
        34,
        34,
        34,
        null,
        null,
        1,
        29,
        null,
        null
      ],
      "/Users/artemis/turing/1module/projects/black_thursday/lib/merchant_repository.rb": [
        1,
        1,
        null,
        1,
        1,
        null,
        1,
        null,
        null,
        1,
        49,
        49,
        null,
        null,
        1,
        50,
        423,
        null,
        null,
        null,
        1,
        10,
        null,
        null,
        null
      ],
      "/Users/artemis/turing/1module/projects/black_thursday/lib/merchant.rb": [
        1,
        1,
        null,
        1,
        1,
        null,
        null,
        null,
        null,
        null,
        1,
        432,
        432,
        432,
        432,
        432,
        null,
        null,
        null
      ],
      "/Users/artemis/turing/1module/projects/black_thursday/test/item_test.rb": [
        1,
        1,
        1,
        1,
        null,
        1,
        1,
        null,
        null,
        null,
        null,
        1,
        8,
        8,
        null,
        null,
        null,
        8,
        8,
        8,
        8,
        null,
        null,
        null,
        null,
        null,
        null,
        null,
        null,
        null,
        null,
        1,
        1,
        null,
        null,
        1,
        1,
        1,
        1,
        1,
        1,
        1,
        1,
        null,
        null,
        1,
        1,
        null,
        null,
        1,
        1,
        null,
        null
      ],
      "/Users/artemis/turing/1module/projects/black_thursday/test/merchant_repository_test.rb": [
        1,
        1,
        1,
        1,
        null,
        1,
        1,
        null,
        1,
        4,
        null,
        null,
        1,
        1,
        1,
        null,
        null,
        1,
        1,
        1,
        1,
        1,
        1,
        7,
        null,
        1,
        null,
        null,
        1,
        1,
        1,
        1,
        1,
        null,
        null,
        1,
        1,
        1,
        1,
        1,
        null,
        null
      ],
      "/Users/artemis/turing/1module/projects/black_thursday/test/merchant_test.rb": [
        1,
        1,
        1,
        1,
        null,
        1,
        1,
        null,
        null,
        null,
        1,
        7,
        7,
        null,
        7,
        7,
        null,
        null,
        null,
        null,
        null,
        null,
        1,
        1,
        null,
        null,
        1,
        1,
        null,
        null,
        1,
        1,
        null,
        null,
        1,
        1,
        null,
        null,
        1,
        1,
        1,
        null,
        1,
        1,
        1,
        1,
        1,
        null,
        null,
        null
      ],
      "/Users/artemis/turing/1module/projects/black_thursday/test/parser_test.rb": [
        1,
        1,
        null,
        1,
        1,
        null,
        1,
        3,
        null,
        null,
        1,
        1,
        null,
        null,
        1,
        1,
        1,
        1,
        null,
        null,
        null
      ],
      "/Users/artemis/turing/1module/projects/black_thursday/test/repository_test.rb": [
        1,
        1,
        1,
        1,
        null,
        1,
        null,
        1,
        null,
        1,
        4,
        null,
        null,
        null,
        1,
        1,
        1,
        null,
        null,
        1,
        1,
        1,
        1,
        null,
        null,
        null,
        null,
        1,
        1,
        null,
        1,
        null,
        1,
        1,
        1,
        null,
        null,
        1,
        1,
        1,
        1,
        null,
        null,
        null,
        null,
        1,
        1,
        1,
        1,
        null,
        1,
        1,
        null,
        null,
        1,
        1,
        1,
        null,
        1,
        1,
        1,
        null,
        null,
        null
      ],
      "/Users/artemis/turing/1module/projects/black_thursday/test/sales_engine_test.rb": [
        1,
        1,
        null,
        1,
        1,
        1,
        5,
        null,
        null,
        1,
        1,
        null,
        null,
        1,
        1,
        null,
        null,
        1,
        1,
        null,
        null,
        1,
        1,
        null,
        null,
        null,
        1,
        1,
        1,
        1,
        null,
        null,
        null
      ],
      "/Users/artemis/turing/1module/projects/black_thursday/test/test_helper.rb": [
        1,
        1,
        1,
        1
      ]
    },
    "timestamp": 1469660681
  }
}
