{
  "Unit Tests": {
    "coverage": {
      "/Users/artemis/turing/1module/projects/black_thursday/lib/sales_analyst.rb": [
        1,
        1,
        null,
        1,
        1,
        null,
        null,
        null,
        null,
        1,
        null,
        1,
        4,
        4,
        4,
        4,
        4,
        null,
        null,
        1,
        1,
        9,
        9,
        null,
        null,
        null
      ],
      "/Users/artemis/turing/1module/projects/black_thursday/lib/sales_engine.rb": [
        1,
        1,
        1,
        null,
        1,
        1,
        null,
        null,
        1,
        4,
        4,
        null,
        null,
        1,
        4,
        null,
        null,
        1,
        0,
        null,
        null,
        1,
        9,
        null,
        null
      ],
      "/Users/artemis/turing/1module/projects/black_thursday/lib/item_repository.rb": [
        1,
        1,
        null,
        1,
        1,
        null,
        1,
        null,
        null,
        null,
        null,
        1,
        4,
        4,
        null,
        null,
        1,
        4,
        40,
        null,
        null,
        null,
        1,
        0,
        0,
        null,
        null,
        null,
        1,
        0,
        null,
        null,
        1,
        0,
        0,
        null,
        null,
        null,
        1,
        99,
        null,
        null,
        1,
        0,
        null,
        null,
        1,
        0,
        null,
        null
      ],
      "/Users/artemis/turing/1module/projects/black_thursday/lib/item.rb": [
        1,
        1,
        null,
        1,
        1,
        null,
        null,
        null,
        null,
        null,
        null,
        null,
        null,
        1,
        40,
        40,
        40,
        40,
        40,
        40,
        40,
        40,
        null,
        null,
        1,
        0,
        null,
        null,
        1,
        0,
        null,
        null
      ],
      "/Users/artemis/turing/1module/projects/black_thursday/lib/repository.rb": [
        1,
        1,
        2,
        null,
        null,
        1,
        0,
        null,
        null,
        1,
        0,
        null,
        null,
        1,
        0,
        null,
        null
      ],
      "/Users/artemis/turing/1module/projects/black_thursday/lib/merchant_repository.rb": [
        1,
        1,
        null,
        1,
        1,
        null,
        1,
        null,
        null,
        1,
        4,
        4,
        null,
        null,
        1,
        4,
        36,
        null,
        null,
        null,
        1,
        0,
        null,
        null,
        1,
        0,
        null,
        null,
        1,
        9,
        null,
        null,
        null,
        null
      ],
      "/Users/artemis/turing/1module/projects/black_thursday/lib/merchant.rb": [
        1,
        1,
        null,
        1,
        1,
        null,
        null,
        null,
        null,
        null,
        1,
        36,
        36,
        36,
        36,
        36,
        null,
        null,
        1,
        9,
        null,
        null
      ],
      "/Users/artemis/turing/1module/projects/black_thursday/lib/loader.rb": [
        1,
        null,
        1,
        1,
        8,
        null,
        null
      ]
    },
    "timestamp": 1469725546
  },
  "RSpec": {
    "coverage": {
      "/Users/JesseSpevack/turing/1module/black_thursday/lib/item_repository.rb": [
        1,
        1,
        null,
        1,
        1,
        null,
        1,
        null,
        null,
        null,
        null,
        1,
        59,
        59,
        null,
        null,
        1,
        59,
        10089,
        null,
        null,
        null,
        1,
        2,
        20,
        null,
        null,
        null,
        1,
        22,
        null,
        null,
        1,
        2,
        20,
        null,
        null,
        null,
        1,
        6840,
        null,
        null,
        1,
        0,
        null,
        null,
        1,
        4,
        null,
        null
      ],
      "/Users/JesseSpevack/turing/1module/black_thursday/lib/item.rb": [
        1,
        1,
        null,
        1,
        1,
        null,
        null,
        null,
        null,
        null,
        null,
        null,
        null,
        1,
        10098,
        10098,
        10098,
        10098,
        10098,
        10098,
        10098,
        10098,
        null,
        null,
        1,
        1,
        null,
        null,
        1,
        3,
        null,
        null
      ],
      "/Users/JesseSpevack/turing/1module/black_thursday/lib/repository.rb": [
        1,
        1,
        5,
        null,
        null,
        1,
        3,
        null,
        null,
        1,
        535,
        null,
        null,
        1,
        12,
        null,
        null
      ],
      "/Users/JesseSpevack/turing/1module/black_thursday/lib/loader.rb": [
        1,
        null,
        1,
        1,
        120,
        null,
        null
      ],
      "/Users/JesseSpevack/turing/1module/black_thursday/lib/sales_engine.rb": [
        1,
        1,
        1,
        null,
        1,
        1,
        null,
        null,
        1,
        46,
        46,
        null,
        null,
        1,
        39,
        null,
        null,
        1,
        4,
        null,
        null,
        1,
        3,
        null,
        null
      ],
      "/Users/JesseSpevack/turing/1module/black_thursday/lib/merchant_repository.rb": [
        1,
        1,
        null,
        1,
        1,
        null,
        1,
        null,
        null,
        1,
        62,
        62,
        null,
        null,
        1,
        63,
        3802,
        null,
        null,
        null,
        1,
        10,
        null,
        null,
        1,
        0,
        null,
        null,
        1,
        2,
        null,
        null,
        null,
        null
      ],
      "/Users/JesseSpevack/turing/1module/black_thursday/lib/merchant.rb": [
        1,
        1,
        null,
        1,
        1,
        null,
        null,
        null,
        null,
        null,
        1,
        3812,
        3812,
        3812,
        3812,
        3812,
        null,
        null,
        1,
        1,
        null,
        null
      ],
      "/Users/JesseSpevack/turing/1module/black_thursday/test/item_test.rb": [
        1,
        1,
        1,
        1,
        null,
        1,
        1,
        null,
        null,
        null,
        null,
        1,
        9,
        9,
        null,
        null,
        null,
        9,
        9,
        9,
        9,
        null,
        null,
        null,
        null,
        null,
        null,
        null,
        null,
        null,
        null,
        1,
        1,
        null,
        null,
        1,
        1,
        1,
        1,
        1,
        1,
        1,
        1,
        null,
        null,
        1,
        1,
        null,
        null,
        1,
        1,
        null,
        null,
        1,
        1,
        null,
        null,
        null,
        1,
        1,
        null,
        1,
        1,
        null,
        null
      ],
      "/Users/JesseSpevack/turing/1module/black_thursday/test/loader_test.rb": [
        1,
        1,
        null,
        1,
        null,
        1,
        1,
        null,
        null,
        1,
        1,
        1,
        1,
        null,
        null,
        null
      ],
      "/Users/JesseSpevack/turing/1module/black_thursday/test/merchant_repository_test.rb": [
        1,
        1,
        1,
        1,
        null,
        1,
        1,
        null,
        1,
        5,
        null,
        null,
        null,
        1,
        1,
        1,
        null,
        null,
        1,
        1,
        1,
        1,
        1,
        1,
        7,
        null,
        1,
        null,
        null,
        1,
        1,
        1,
        1,
        1,
        null,
        null,
        1,
        1,
        1,
        1,
        1,
        null,
        null,
        1,
        1,
        1,
        1,
        null,
        null,
        null,
        null,
        null,
        null,
        1,
        1,
        1,
        1,
        1,
        1,
        1,
        1,
        1,
        1,
        1,
        1,
        1,
        1,
        1,
        1,
        1,
        1,
        1,
        1,
        null,
        null
      ],
      "/Users/JesseSpevack/turing/1module/black_thursday/test/merchant_test.rb": [
        1,
        1,
        1,
        1,
        null,
        1,
        1,
        null,
        null,
        null,
        1,
        8,
        8,
        null,
        8,
        8,
        null,
        null,
        null,
        null,
        null,
        null,
        1,
        1,
        null,
        null,
        1,
        1,
        null,
        null,
        1,
        1,
        null,
        null,
        1,
        1,
        null,
        null,
        1,
        1,
        1,
        null,
        1,
        1,
        1,
        1,
        1,
        null,
        null,
        1,
        1,
        1,
        1,
        1,
        null,
        null,
        null,
        null,
        null,
        null,
        1,
        1,
        1,
        1,
        1,
        1,
        1,
        1,
        1,
        1,
        1,
        1,
        1,
        1,
        1,
        1,
        1,
        1,
        1,
        1,
        null,
        null,
        null
      ],
      "/Users/JesseSpevack/turing/1module/black_thursday/test/repository_test.rb": [
        1,
        1,
        1,
        1,
        null,
        1,
        null,
        1,
        null,
        1,
        4,
        null,
        null,
        null,
        1,
        1,
        1,
        null,
        null,
        1,
        1,
        1,
        1,
        null,
        null,
        null,
        null,
        1,
        1,
        null,
        1,
        null,
        1,
        1,
        1,
        null,
        null,
        1,
        1,
        1,
        1,
        null,
        null,
        null,
        null,
        1,
        1,
        1,
        1,
        null,
        1,
        1,
        null,
        null,
        1,
        1,
        1,
        null,
        1,
        1,
        1,
        null,
        null,
        null
      ],
      "/Users/JesseSpevack/turing/1module/black_thursday/test/sales_analyst_test.rb": [
        1,
        1,
        1,
        null,
        1,
        1,
        1,
        null,
        null,
        null,
        1,
        null,
        1,
        null,
        null,
        null
      ],
      "/Users/JesseSpevack/turing/1module/black_thursday/lib/sales_analyst.rb": [
        1,
        1,
        null,
        1,
        1,
        null,
        null,
        null
      ],
      "/Users/JesseSpevack/turing/1module/black_thursday/test/sales_engine_test.rb": [
        1,
        1,
        1,
        null,
        1,
        1,
        1,
        7,
        null,
        null,
        1,
        1,
        null,
        null,
        1,
        1,
        null,
        null,
        1,
        1,
        null,
        null,
        1,
        1,
        null,
        null,
        null,
        1,
        1,
        1,
        1,
        null,
        null,
        1,
        1,
        null,
        null,
        null,
        1,
        1,
        1,
        null,
        1,
        null,
        null,
        1,
        1,
        1,
        1,
        null,
        null,
        null,
        null,
        null,
        null,
        1,
        1,
        1,
        1,
        1,
        1,
        1,
        1,
        1,
        1,
        1,
        1,
        1,
        1,
        1,
        1,
        1,
        1,
        1,
        1,
        null,
        null,
        null
      ],
      "/Users/JesseSpevack/turing/1module/black_thursday/test/test_helper.rb": [
        1,
        1,
        1,
        1
      ]
    },
    "timestamp": 1469721047
  }
}
